## WARNING
'type' is a required property
required element missing at: 0
## WARNING
'type' is a required property
required element missing at: 0
## WARNING
'type' is a required property
required element missing at: 0
## WARNING
'type' is a required property
required element missing at: 0
## WARNING
'type' is a required property
required element missing at: 0
## WARNING
'type' is a required property
required element missing at: 0
## WARNING
'type' is a required property
required element missing at: 0
## WARNING
'type' is a required property
required element missing at: 0
## WARNING
'type' is a required property
required element missing at: 0
## WARNING
'type' is a required property
required element missing at: 0
## WARNING
'type' is a required property
required element missing at: 0
## WARNING
'type' is a required property
required element missing at: 0
## WARNING
'type' is a required property
required element missing at: 0
## WARNING
'type' is a required property
required element missing at: 0
## WARNING
'type' is a required property
required element missing at: 0
## WARNING
'type' is a required property
required element missing at: 0
## WARNING
'type' is a required property
required element missing at: 0
## WARNING
'type' is a required property
required element missing at: 0
## WARNING
'type' is a required property
required element missing at: 0
## WARNING
'type' is a required property
required element missing at: 0
## WARNING
'type' is a required property
required element missing at: 0
## WARNING
'type' is a required property
required element missing at: 0
## WARNING
'type' is a required property
required element missing at: 0
## WARNING
'type' is a required property
required element missing at: 0
## WARNING
'type' is a required property
required element missing at: 0
## WARNING
'type' is a required property
required element missing at: 0
## WARNING
'type' is a required property
required element missing at: 0
## WARNING
'type' is a required property
required element missing at: 0
## WARNING
'type' is a required property
required element missing at: 0
## WARNING
'type' is a required property
required element missing at: 0
## WARNING
'type' is a required property
required element missing at: 0
## WARNING
'type' is a required property
required element missing at: 0
## WARNING
'type' is a required property
required element missing at: 0
## WARNING
'type' is a required property
required element missing at: 0
## WARNING
'type' is a required property
required element missing at: 0
## WARNING
'type' is a required property
required element missing at: 0
## WARNING
'type' is a required property
required element missing at: 0
## WARNING
'type' is a required property
required element missing at: 0
## WARNING
'type' is a required property
required element missing at: 0
## WARNING
'type' is a required property
required element missing at: 0
## WARNING
'type' is a required property
required element missing at: 0
## WARNING
'type' is a required property
required element missing at: 0
## WARNING
'type' is a required property
required element missing at: 0
## WARNING
'type' is a required property
required element missing at: 0
## WARNING
'type' is a required property
required element missing at: 0
## WARNING
'type' is a required property
required element missing at: 0
## WARNING
'type' is a required property
required element missing at: 0
## WARNING
'type' is a required property
required element missing at: 0
## WARNING
'type' is a required property
required element missing at: 0
## WARNING
'type' is a required property
required element missing at: 0
## WARNING
'type' is a required property
required element missing at: 0
## WARNING
'type' is a required property
required element missing at: 0
## WARNING
'type' is a required property
required element missing at: 0
## WARNING
'type' is a required property
required element missing at: 0
## WARNING
'type' is a required property
required element missing at: 0
## WARNING
'type' is a required property
required element missing at: 0
## WARNING
'type' is a required property
required element missing at: 0
## WARNING
'type' is a required property
required element missing at: 0
## WARNING
'type' is a required property
required element missing at: 0
## WARNING
'type' is a required property
required element missing at: 0
## WARNING
'type' is a required property
required element missing at: 0
## WARNING
'type' is a required property
required element missing at: 0
## WARNING
'type' is a required property
required element missing at: 0
## WARNING
'type' is a required property
required element missing at: 0
## WARNING
'type' is a required property
required element missing at: 0
## WARNING
'type' is a required property
required element missing at: 0
## WARNING
'type' is a required property
required element missing at: 0
## WARNING
'type' is a required property
required element missing at: 0
## WARNING
'type' is a required property
required element missing at: 0
## WARNING
'type' is a required property
required element missing at: 0
## WARNING
'type' is a required property
required element missing at: 0
## WARNING
'type' is a required property
required element missing at: 0
## WARNING
'type' is a required property
required element missing at: 0
## WARNING
'type' is a required property
required element missing at: 0
## WARNING
'type' is a required property
required element missing at: 0
## WARNING
'type' is a required property
required element missing at: 0
## WARNING
'type' is a required property
required element missing at: 0
## WARNING
'type' is a required property
required element missing at: 0
## WARNING
'type' is a required property
required element missing at: 0
## WARNING
'type' is a required property
required element missing at: 0
## WARNING
'type' is a required property
required element missing at: 0
## WARNING
'type' is a required property
required element missing at: 0
## WARNING
'type' is a required property
required element missing at: 0
## WARNING
'type' is a required property
required element missing at: 0
## WARNING
'type' is a required property
required element missing at: 0
## WARNING
'type' is a required property
required element missing at: 0
## WARNING
'type' is a required property
required element missing at: 0
## WARNING
'type' is a required property
required element missing at: 0
## WARNING
'type' is a required property
required element missing at: 0
## WARNING
'type' is a required property
required element missing at: 0
## WARNING
'type' is a required property
required element missing at: 0
## WARNING
'type' is a required property
required element missing at: 0
## WARNING
'type' is a required property
required element missing at: 0
## WARNING
'type' is a required property
required element missing at: 0
## WARNING
'type' is a required property
required element missing at: 0
## WARNING
'type' is a required property
required element missing at: 0
## WARNING
'type' is a required property
required element missing at: 0
## WARNING
'type' is a required property
required element missing at: 0
## WARNING
'type' is a required property
required element missing at: 0
## WARNING
'type' is a required property
required element missing at: 0
## WARNING
'type' is a required property
required element missing at: 0
## WARNING
'type' is a required property
required element missing at: 0
## WARNING
'type' is a required property
required element missing at: 0
## WARNING
'type' is a required property
required element missing at: 0
## WARNING
'type' is a required property
required element missing at: 0
## WARNING
'type' is a required property
required element missing at: 0
## WARNING
'type' is a required property
required element missing at: 0
## WARNING
'type' is a required property
required element missing at: 0
## WARNING
'type' is a required property
required element missing at: 0
## WARNING
'type' is a required property
required element missing at: 0
## WARNING
'type' is a required property
required element missing at: 0
## WARNING
'type' is a required property
required element missing at: 0
## WARNING
'type' is a required property
required element missing at: 0
## WARNING
'type' is a required property
required element missing at: 0
## WARNING
'type' is a required property
required element missing at: 0
## WARNING
'type' is a required property
required element missing at: 0
## WARNING
'type' is a required property
required element missing at: 0
## WARNING
'type' is a required property
required element missing at: 0
## WARNING
'type' is a required property
required element missing at: 0
## WARNING
'type' is a required property
required element missing at: 0
[WARNING] This document format requires a nonempty <title> element.
  Defaulting to 'manuscript' as the title.
  To specify a title, use 'title' in metadata or --metadata title="...".
WARNING: Ignored `-webkit-touch-callout: none` at 29:9, unknown property.
WARNING: Ignored `-webkit-user-select: none` at 29:38, unknown property.
WARNING: Ignored `-khtml-user-select: none` at 30:9, unknown property.
WARNING: Ignored `-moz-user-select: none` at 30:35, unknown property.
WARNING: Ignored `-ms-user-select: none` at 31:9, unknown property.
WARNING: Ignored `user-select: none` at 31:32, unknown property.
WARNING: Ignored `-webkit-text-size-adjust: none ` at 16:5, unknown property.
WARNING: Ignored `-moz-text-size-adjust: none ` at 17:5, unknown property.
WARNING: Ignored `-o-text-size-adjust: none ` at 18:5, unknown property.
WARNING: Ignored `text-size-adjust: none ` at 19:5, unknown property.
WARNING: Expected a media type, got only/**/screen
WARNING: Invalid media type " only screen " the whole @media rule was ignored at 22:3.
WARNING: Expected a media type, got only/**/screen/**/and/**/(max-width: 8.5in)
WARNING: Invalid media type " only screen and (max-width: 8.5in) " the whole @media rule was ignored at 40:3.
WARNING: Ignored `justify-content: left` at 150:5, unknown property.
WARNING: Ignored `justify-content: center` at 159:5, unknown property.
WARNING: Ignored `justify-content: right` at 168:5, unknown property.
WARNING: Ignored `word-break: break-word` at 246:5, unknown property.
WARNING: Ignored `display: inline-flex` at 433:5, invalid value.
WARNING: Ignored `justify-content: center` at 434:5, unknown property.
WARNING: Ignored `align-items: center` at 435:5, unknown property.
WARNING: Ignored `cursor: pointer` at 452:5, the property does not apply for the print media.
WARNING: Ignored `pointer-events: none` at 460:5, unknown property.
WARNING: Ignored `display: inline-flex` at 465:5, invalid value.
WARNING: Ignored `justify-content: center` at 466:5, unknown property.
WARNING: Ignored `align-items: center` at 467:5, unknown property.
WARNING: Ignored `display: flex` at 563:7, invalid value.
WARNING: Ignored `align-items: center` at 564:7, unknown property.
WARNING: Expected a media type, got only/**/screen
WARNING: Invalid media type " only screen " the whole @media rule was ignored at 637:3.
WARNING: Expected a media type, got only/**/screen
WARNING: Invalid media type " only screen " the whole @media rule was ignored at 2:3.
WARNING: Expected a media type, got only/**/print
WARNING: Invalid media type " only print " the whole @media rule was ignored at 27:3.
WARNING: Expected a media type, got only/**/screen
WARNING: Invalid media type " only screen " the whole @media rule was ignored at 2:3.
WARNING: Expected a media type, got (hover: none)
WARNING: Invalid media type " (hover: none) " the whole @media rule was ignored at 28:3.
WARNING: Expected a media type, got only/**/print
WARNING: Invalid media type " only print " the whole @media rule was ignored at 35:3.
WARNING: Expected a media type, got only/**/screen
WARNING: Invalid media type " only screen " the whole @media rule was ignored at 2:3.
WARNING: Expected a media type, got only/**/print
WARNING: Invalid media type " only print " the whole @media rule was ignored at 12:3.
WARNING: Expected a media type, got only/**/screen
WARNING: Invalid media type " only screen " the whole @media rule was ignored at 2:3.
WARNING: Expected a media type, got only/**/screen/**/and/**/(max-width: 480px)
WARNING: Invalid media type " only screen and (max-width: 480px) " the whole @media rule was ignored at 116:3.
WARNING: Expected a media type, got only/**/print
WARNING: Invalid media type " only print " the whole @media rule was ignored at 125:3.
WARNING: Expected a media type, got only/**/screen
WARNING: Invalid media type " only screen " the whole @media rule was ignored at 2:3.
WARNING: Expected a media type, got only/**/screen
WARNING: Invalid media type " only screen " the whole @media rule was ignored at 2:3.
WARNING: Expected a media type, got only/**/screen/**/and/**/(max-width: 8.5in)
WARNING: Invalid media type " only screen and (max-width: 8.5in) " the whole @media rule was ignored at 136:3.
WARNING: Expected a media type, got only/**/print
WARNING: Invalid media type " only print " the whole @media rule was ignored at 149:3.
WARNING: Expected a media type, got only/**/screen
WARNING: Invalid media type " only screen " the whole @media rule was ignored at 2:3.
WARNING: Expected a media type, got only/**/print
WARNING: Invalid media type " only print " the whole @media rule was ignored at 61:3.
WARNING: Ignored `box-shadow: 0 0 20px rgba(0, 0, 0, 0.05)` at 14:5, unknown property.
WARNING: Expected a media type, got only/**/print
WARNING: Invalid media type " only print " the whole @media rule was ignored at 53:3.
WARNING: Ignored `display: flex ` at 5:5, invalid value.
WARNING: Ignored `overflow-x: auto ` at 6:5, unknown property.
WARNING: Ignored `overflow-y: hidden ` at 7:5, unknown property.
WARNING: Ignored `justify-content: center` at 8:5, unknown property.
WARNING: Ignored `align-items: center` at 9:5, unknown property.
WARNING: Ignored `box-shadow: none ` at 17:5, unknown property.
## WARNING
'type' is a required property
required element missing at: 0
## WARNING
'type' is a required property
required element missing at: 0
## WARNING
'type' is a required property
required element missing at: 0
## WARNING
'type' is a required property
required element missing at: 0
## WARNING
'type' is a required property
required element missing at: 0
## WARNING
'type' is a required property
required element missing at: 0
## WARNING
'type' is a required property
required element missing at: 0
## WARNING
'type' is a required property
required element missing at: 0
## WARNING
'type' is a required property
required element missing at: 0
## WARNING
'type' is a required property
required element missing at: 0
## WARNING
'type' is a required property
required element missing at: 0
## WARNING
'type' is a required property
required element missing at: 0
## WARNING
'type' is a required property
required element missing at: 0
## WARNING
'type' is a required property
required element missing at: 0
## WARNING
'type' is a required property
required element missing at: 0
## WARNING
'type' is a required property
required element missing at: 0
## WARNING
'type' is a required property
required element missing at: 0
## WARNING
'type' is a required property
required element missing at: 0
## WARNING
'type' is a required property
required element missing at: 0
## WARNING
'type' is a required property
required element missing at: 0
## WARNING
'type' is a required property
required element missing at: 0
## WARNING
'type' is a required property
required element missing at: 0
## WARNING
'type' is a required property
required element missing at: 0
## WARNING
'type' is a required property
required element missing at: 0
## WARNING
'type' is a required property
required element missing at: 0
## WARNING
'type' is a required property
required element missing at: 0
## WARNING
'type' is a required property
required element missing at: 0
## WARNING
'type' is a required property
required element missing at: 0
## WARNING
'type' is a required property
required element missing at: 0
## WARNING
'type' is a required property
required element missing at: 0
## WARNING
'type' is a required property
required element missing at: 0
## WARNING
'type' is a required property
required element missing at: 0
## WARNING
'type' is a required property
required element missing at: 0
## WARNING
'type' is a required property
required element missing at: 0
## WARNING
'type' is a required property
required element missing at: 0
## WARNING
'type' is a required property
required element missing at: 0
## WARNING
'type' is a required property
required element missing at: 0
## WARNING
'type' is a required property
required element missing at: 0
## WARNING
'type' is a required property
required element missing at: 0
## WARNING
'type' is a required property
required element missing at: 0
## WARNING
'type' is a required property
required element missing at: 0
## WARNING
'type' is a required property
required element missing at: 0
## WARNING
'type' is a required property
required element missing at: 0
## WARNING
'type' is a required property
required element missing at: 0
## WARNING
'type' is a required property
required element missing at: 0
## WARNING
'type' is a required property
required element missing at: 0
## WARNING
'type' is a required property
required element missing at: 0
## WARNING
'type' is a required property
required element missing at: 0
## WARNING
'type' is a required property
required element missing at: 0
## WARNING
'type' is a required property
required element missing at: 0
## WARNING
'type' is a required property
required element missing at: 0
## WARNING
'type' is a required property
required element missing at: 0
## WARNING
'type' is a required property
required element missing at: 0
## WARNING
'type' is a required property
required element missing at: 0
## WARNING
'type' is a required property
required element missing at: 0
## WARNING
'type' is a required property
required element missing at: 0
## WARNING
'type' is a required property
required element missing at: 0
## WARNING
'type' is a required property
required element missing at: 0
## WARNING
'type' is a required property
required element missing at: 0
## WARNING
'type' is a required property
required element missing at: 0
## WARNING
'type' is a required property
required element missing at: 0
## WARNING
'type' is a required property
required element missing at: 0
## WARNING
'type' is a required property
required element missing at: 0
## WARNING
'type' is a required property
required element missing at: 0
## WARNING
'type' is a required property
required element missing at: 0
## WARNING
'type' is a required property
required element missing at: 0
## WARNING
'type' is a required property
required element missing at: 0
## WARNING
'type' is a required property
required element missing at: 0
## WARNING
'type' is a required property
required element missing at: 0
## WARNING
'type' is a required property
required element missing at: 0
## WARNING
'type' is a required property
required element missing at: 0
## WARNING
'type' is a required property
required element missing at: 0
## WARNING
'type' is a required property
required element missing at: 0
## WARNING
'type' is a required property
required element missing at: 0
## WARNING
'type' is a required property
required element missing at: 0
## WARNING
'type' is a required property
required element missing at: 0
## WARNING
'type' is a required property
required element missing at: 0
## WARNING
'type' is a required property
required element missing at: 0
## WARNING
'type' is a required property
required element missing at: 0
## WARNING
'type' is a required property
required element missing at: 0
## WARNING
'type' is a required property
required element missing at: 0
## WARNING
'type' is a required property
required element missing at: 0
## WARNING
'type' is a required property
required element missing at: 0
## WARNING
'type' is a required property
required element missing at: 0
## WARNING
'type' is a required property
required element missing at: 0
## WARNING
'type' is a required property
required element missing at: 0
## WARNING
'type' is a required property
required element missing at: 0
## WARNING
'type' is a required property
required element missing at: 0
## WARNING
'type' is a required property
required element missing at: 0
## WARNING
'type' is a required property
required element missing at: 0
## WARNING
'type' is a required property
required element missing at: 0
## WARNING
'type' is a required property
required element missing at: 0
## WARNING
'type' is a required property
required element missing at: 0
## WARNING
'type' is a required property
required element missing at: 0
## WARNING
'type' is a required property
required element missing at: 0
## WARNING
'type' is a required property
required element missing at: 0
## WARNING
'type' is a required property
required element missing at: 0
## WARNING
'type' is a required property
required element missing at: 0
## WARNING
'type' is a required property
required element missing at: 0
## WARNING
'type' is a required property
required element missing at: 0
## WARNING
'type' is a required property
required element missing at: 0
## WARNING
'type' is a required property
required element missing at: 0
## WARNING
'type' is a required property
required element missing at: 0
## WARNING
'type' is a required property
required element missing at: 0
## WARNING
'type' is a required property
required element missing at: 0
## WARNING
'type' is a required property
required element missing at: 0
## WARNING
'type' is a required property
required element missing at: 0
## WARNING
'type' is a required property
required element missing at: 0
## WARNING
'type' is a required property
required element missing at: 0
## WARNING
'type' is a required property
required element missing at: 0
## WARNING
'type' is a required property
required element missing at: 0
## WARNING
'type' is a required property
required element missing at: 0
## WARNING
'type' is a required property
required element missing at: 0
## WARNING
'type' is a required property
required element missing at: 0
## WARNING
'type' is a required property
required element missing at: 0
## WARNING
'type' is a required property
required element missing at: 0
## WARNING
'type' is a required property
required element missing at: 0
## WARNING
'type' is a required property
required element missing at: 0
## WARNING
'type' is a required property
required element missing at: 0
## WARNING
'type' is a required property
required element missing at: 0
[WARNING] This document format requires a nonempty <title> element.
  Defaulting to 'manuscript' as the title.
  To specify a title, use 'title' in metadata or --metadata title="...".
## WARNING
'type' is a required property
required element missing at: 0
## WARNING
'type' is a required property
required element missing at: 0
## WARNING
'type' is a required property
required element missing at: 0
## WARNING
'type' is a required property
required element missing at: 0
## WARNING
'type' is a required property
required element missing at: 0
## WARNING
'type' is a required property
required element missing at: 0
## WARNING
'type' is a required property
required element missing at: 0
## WARNING
'type' is a required property
required element missing at: 0
## WARNING
'type' is a required property
required element missing at: 0
## WARNING
'type' is a required property
required element missing at: 0
## WARNING
'type' is a required property
required element missing at: 0
## WARNING
'type' is a required property
required element missing at: 0
## WARNING
'type' is a required property
required element missing at: 0
## WARNING
'type' is a required property
required element missing at: 0
## WARNING
'type' is a required property
required element missing at: 0
## WARNING
'type' is a required property
required element missing at: 0
## WARNING
'type' is a required property
required element missing at: 0
## WARNING
'type' is a required property
required element missing at: 0
## WARNING
'type' is a required property
required element missing at: 0
## WARNING
'type' is a required property
required element missing at: 0
## WARNING
'type' is a required property
required element missing at: 0
## WARNING
'type' is a required property
required element missing at: 0
## WARNING
'type' is a required property
required element missing at: 0
## WARNING
'type' is a required property
required element missing at: 0
## WARNING
'type' is a required property
required element missing at: 0
## WARNING
'type' is a required property
required element missing at: 0
## WARNING
'type' is a required property
required element missing at: 0
## WARNING
'type' is a required property
required element missing at: 0
## WARNING
'type' is a required property
required element missing at: 0
## WARNING
'type' is a required property
required element missing at: 0
## WARNING
'type' is a required property
required element missing at: 0
## WARNING
'type' is a required property
required element missing at: 0
## WARNING
'type' is a required property
required element missing at: 0
## WARNING
'type' is a required property
required element missing at: 0
## WARNING
'type' is a required property
required element missing at: 0
## WARNING
'type' is a required property
required element missing at: 0
## WARNING
'type' is a required property
required element missing at: 0
## WARNING
'type' is a required property
required element missing at: 0
## WARNING
'type' is a required property
required element missing at: 0
## WARNING
'type' is a required property
required element missing at: 0
## WARNING
'type' is a required property
required element missing at: 0
## WARNING
'type' is a required property
required element missing at: 0
## WARNING
'type' is a required property
required element missing at: 0
## WARNING
'type' is a required property
required element missing at: 0
## WARNING
'type' is a required property
required element missing at: 0
## WARNING
'type' is a required property
required element missing at: 0
## WARNING
'type' is a required property
required element missing at: 0
## WARNING
'type' is a required property
required element missing at: 0
## WARNING
'type' is a required property
required element missing at: 0
## WARNING
'type' is a required property
required element missing at: 0
## WARNING
'type' is a required property
required element missing at: 0
## WARNING
'type' is a required property
required element missing at: 0
## WARNING
'type' is a required property
required element missing at: 0
## WARNING
'type' is a required property
required element missing at: 0
## WARNING
'type' is a required property
required element missing at: 0
## WARNING
'type' is a required property
required element missing at: 0
## WARNING
'type' is a required property
required element missing at: 0
## WARNING
'type' is a required property
required element missing at: 0
## WARNING
'type' is a required property
required element missing at: 0
## WARNING
'type' is a required property
required element missing at: 0
## WARNING
'type' is a required property
required element missing at: 0
## WARNING
'type' is a required property
required element missing at: 0
## WARNING
'type' is a required property
required element missing at: 0
## WARNING
'type' is a required property
required element missing at: 0
## WARNING
'type' is a required property
required element missing at: 0
## WARNING
'type' is a required property
required element missing at: 0
## WARNING
'type' is a required property
required element missing at: 0
## WARNING
'type' is a required property
required element missing at: 0
## WARNING
'type' is a required property
required element missing at: 0
## WARNING
'type' is a required property
required element missing at: 0
## WARNING
'type' is a required property
required element missing at: 0
## WARNING
'type' is a required property
required element missing at: 0
## WARNING
'type' is a required property
required element missing at: 0
## WARNING
'type' is a required property
required element missing at: 0
## WARNING
'type' is a required property
required element missing at: 0
## WARNING
'type' is a required property
required element missing at: 0
## WARNING
'type' is a required property
required element missing at: 0
## WARNING
'type' is a required property
required element missing at: 0
## WARNING
'type' is a required property
required element missing at: 0
## WARNING
'type' is a required property
required element missing at: 0
## WARNING
'type' is a required property
required element missing at: 0
## WARNING
'type' is a required property
required element missing at: 0
## WARNING
'type' is a required property
required element missing at: 0
## WARNING
'type' is a required property
required element missing at: 0
## WARNING
'type' is a required property
required element missing at: 0
## WARNING
'type' is a required property
required element missing at: 0
## WARNING
'type' is a required property
required element missing at: 0
## WARNING
'type' is a required property
required element missing at: 0
## WARNING
'type' is a required property
required element missing at: 0
## WARNING
'type' is a required property
required element missing at: 0
## WARNING
'type' is a required property
required element missing at: 0
## WARNING
'type' is a required property
required element missing at: 0
## WARNING
'type' is a required property
required element missing at: 0
## WARNING
'type' is a required property
required element missing at: 0
## WARNING
'type' is a required property
required element missing at: 0
## WARNING
'type' is a required property
required element missing at: 0
## WARNING
'type' is a required property
required element missing at: 0
## WARNING
'type' is a required property
required element missing at: 0
## WARNING
'type' is a required property
required element missing at: 0
## WARNING
'type' is a required property
required element missing at: 0
## WARNING
'type' is a required property
required element missing at: 0
## WARNING
'type' is a required property
required element missing at: 0
## WARNING
'type' is a required property
required element missing at: 0
## WARNING
'type' is a required property
required element missing at: 0
## WARNING
'type' is a required property
required element missing at: 0
## WARNING
'type' is a required property
required element missing at: 0
## WARNING
'type' is a required property
required element missing at: 0
## WARNING
'type' is a required property
required element missing at: 0
## WARNING
'type' is a required property
required element missing at: 0
## WARNING
'type' is a required property
required element missing at: 0
## WARNING
'type' is a required property
required element missing at: 0
## WARNING
'type' is a required property
required element missing at: 0
## WARNING
'type' is a required property
required element missing at: 0
## WARNING
'type' is a required property
required element missing at: 0
## WARNING
'type' is a required property
required element missing at: 0
## WARNING
'type' is a required property
required element missing at: 0
## WARNING
'type' is a required property
required element missing at: 0
## WARNING
'type' is a required property
required element missing at: 0
## WARNING
'type' is a required property
required element missing at: 0
## WARNING
'type' is a required property
required element missing at: 0
